<?xml version="1.0" encoding="UTF-8"?>
<!-- Generated by org.testng.reporters.JUnitReportReporter -->
<testsuite hostname="DESKTOP-MPN7R7N" failures="0" tests="1" name="com.dru.Baseclass" time="10.766" errors="0" timestamp="2023-10-11T23:56:04 IST" skipped="0">
  <testcase classname="com.dru.Baseclass" name="initiliaze" time="10.766"/>
  <system-out/>
</testsuite> <!-- com.dru.Baseclass -->
